<?xml version="1.0" encoding="UTF-8"?>
<!-- Generated by org.testng.reporters.JUnitReportReporter -->
<testsuite hostname="MReyaz" name="com.reyaz.testng.NoParameterWithTestNGXML" tests="1" failures="0" timestamp="9 Jun 2022 14:07:32 GMT" time="22.060" errors="0">
  <testcase name="testParameterWithXML" time="22.060" classname="com.reyaz.testng.NoParameterWithTestNGXML"/>
</testsuite> <!-- com.reyaz.testng.NoParameterWithTestNGXML -->
